<?xml version="1.0" encoding="UTF-8"?>
<testng-results ignored="0" total="1" passed="1" failed="0" skipped="0">
  <reporter-output>
  </reporter-output>
  <suite started-at="2023-07-06T16:54:55 IST" name="Suite" finished-at="2023-07-06T16:55:47 IST" duration-ms="51617">
    <groups>
    </groups>
    <test started-at="2023-07-06T16:54:55 IST" name="Test" finished-at="2023-07-06T16:55:47 IST" duration-ms="51617">
      <class name="com.TestCase.TC_009">
        <test-method is-config="true" signature="BrowserSetup()[pri:0, instance:com.TestCase.TC_009@72d6b3ba]" started-at="2023-07-06T16:54:51 IST" name="BrowserSetup" finished-at="2023-07-06T16:54:55 IST" duration-ms="3977" status="PASS">
          <reporter-output>
          </reporter-output>
        </test-method> <!-- BrowserSetup -->
        <test-method is-config="true" signature="onetimelogin()[pri:0, instance:com.TestCase.TC_009@72d6b3ba]" started-at="2023-07-06T16:54:55 IST" name="onetimelogin" finished-at="2023-07-06T16:55:06 IST" duration-ms="10636" status="PASS">
          <reporter-output>
          </reporter-output>
        </test-method> <!-- onetimelogin -->
        <test-method signature="platformdeploy()[pri:0, instance:com.TestCase.TC_009@72d6b3ba]" started-at="2023-07-06T16:55:06 IST" name="platformdeploy" finished-at="2023-07-06T16:55:29 IST" duration-ms="23104" status="PASS">
          <reporter-output>
          </reporter-output>
        </test-method> <!-- platformdeploy -->
        <test-method is-config="true" signature="afterMerhod(org.testng.ITestResult)[pri:0, instance:com.TestCase.TC_009@72d6b3ba]" started-at="2023-07-06T16:55:29 IST" name="afterMerhod" finished-at="2023-07-06T16:55:29 IST" duration-ms="226" status="PASS">
          <params>
            <param index="0">
              <value>
                <![CDATA[[TestResult name=platformdeploy status=SUCCESS method=TC_009.platformdeploy()[pri:0, instance:com.TestCase.TC_009@72d6b3ba] output={null}]]]>
              </value>
            </param>
          </params>
          <reporter-output>
          </reporter-output>
        </test-method> <!-- afterMerhod -->
        <test-method is-config="true" signature="afterclass()[pri:0, instance:com.TestCase.TC_009@72d6b3ba]" started-at="2023-07-06T16:55:29 IST" name="afterclass" finished-at="2023-07-06T16:55:47 IST" duration-ms="17569" status="PASS">
          <reporter-output>
          </reporter-output>
        </test-method> <!-- afterclass -->
        <test-method is-config="true" signature="teardown()[pri:0, instance:com.TestCase.TC_009@72d6b3ba]" started-at="2023-07-06T16:55:47 IST" name="teardown" finished-at="2023-07-06T16:55:48 IST" duration-ms="956" status="PASS">
          <reporter-output>
          </reporter-output>
        </test-method> <!-- teardown -->
      </class> <!-- com.TestCase.TC_009 -->
    </test> <!-- Test -->
  </suite> <!-- Suite -->
</testng-results>
