<?xml version="1.0" encoding="UTF-8"?>
<testng-results ignored="8" total="13" passed="5" failed="0" skipped="0">
  <reporter-output>
  </reporter-output>
  <suite started-at="2023-09-29T15:41:44 IST" name="Suite" finished-at="2023-09-29T15:52:14 IST" duration-ms="630149">
    <groups>
      <group name="Energy">
        <method signature="E_1.home()[pri:0, instance:org.Energy.E_1@51bf5add]" name="home" class="org.Energy.E_1"/>
        <method signature="E_2.monitoring()[pri:0, instance:org.Energy.E_2@7b50df34]" name="monitoring" class="org.Energy.E_2"/>
        <method signature="E_3.analytic()[pri:0, instance:org.Energy.E_3@1b410b60]" name="analytic" class="org.Energy.E_3"/>
        <method signature="E_6.analytic()[pri:0, instance:org.Energy.E_6@2462cb01]" name="analytic" class="org.Energy.E_6"/>
        <method signature="E_7.customreport()[pri:0, instance:org.Energy.E_7@19b843ba]" name="customreport" class="org.Energy.E_7"/>
      </group> <!-- Energy -->
    </groups>
    <test started-at="2023-09-29T15:41:44 IST" name="Test" finished-at="2023-09-29T15:52:14 IST" duration-ms="630149">
      <class name="org.Energy.E_7">
        <test-method is-config="true" signature="onetimelogin()[pri:0, instance:org.Energy.E_7@19b843ba]" started-at="2023-09-29T15:51:19 IST" name="onetimelogin" finished-at="2023-09-29T15:51:25 IST" duration-ms="5981" status="PASS">
          <reporter-output>
          </reporter-output>
        </test-method> <!-- onetimelogin -->
        <test-method signature="customreport()[pri:0, instance:org.Energy.E_7@19b843ba]" started-at="2023-09-29T15:51:25 IST" name="customreport" finished-at="2023-09-29T15:52:03 IST" duration-ms="38022" status="PASS">
          <reporter-output>
          </reporter-output>
        </test-method> <!-- customreport -->
        <test-method is-config="true" signature="afterMerhod(org.testng.ITestResult)[pri:0, instance:org.Energy.E_7@19b843ba]" started-at="2023-09-29T15:52:03 IST" name="afterMerhod" finished-at="2023-09-29T15:52:03 IST" duration-ms="313" status="PASS">
          <params>
            <param index="0">
              <value>
                <![CDATA[[TestResult name=customreport status=SUCCESS method=E_7.customreport()[pri:0, instance:org.Energy.E_7@19b843ba] output={null}]]]>
              </value>
            </param>
          </params>
          <reporter-output>
          </reporter-output>
        </test-method> <!-- afterMerhod -->
        <test-method is-config="true" signature="afterclass()[pri:0, instance:org.Energy.E_7@19b843ba]" started-at="2023-09-29T15:52:03 IST" name="afterclass" finished-at="2023-09-29T15:52:14 IST" duration-ms="10931" status="PASS">
          <reporter-output>
          </reporter-output>
        </test-method> <!-- afterclass -->
      </class> <!-- org.Energy.E_7 -->
      <class name="org.Energy.E_6">
        <test-method is-config="true" signature="onetimelogin()[pri:0, instance:org.Energy.E_6@2462cb01]" started-at="2023-09-29T15:47:14 IST" name="onetimelogin" finished-at="2023-09-29T15:47:20 IST" duration-ms="6010" status="PASS">
          <reporter-output>
          </reporter-output>
        </test-method> <!-- onetimelogin -->
        <test-method signature="analytic()[pri:0, instance:org.Energy.E_6@2462cb01]" started-at="2023-09-29T15:47:20 IST" name="analytic" finished-at="2023-09-29T15:51:07 IST" duration-ms="226899" status="PASS">
          <reporter-output>
          </reporter-output>
        </test-method> <!-- analytic -->
        <test-method is-config="true" signature="afterMerhod(org.testng.ITestResult)[pri:0, instance:org.Energy.E_6@2462cb01]" started-at="2023-09-29T15:51:07 IST" name="afterMerhod" finished-at="2023-09-29T15:51:08 IST" duration-ms="296" status="PASS">
          <params>
            <param index="0">
              <value>
                <![CDATA[[TestResult name=analytic status=SUCCESS method=E_6.analytic()[pri:0, instance:org.Energy.E_6@2462cb01] output={null}]]]>
              </value>
            </param>
          </params>
          <reporter-output>
          </reporter-output>
        </test-method> <!-- afterMerhod -->
        <test-method is-config="true" signature="afterclass()[pri:0, instance:org.Energy.E_6@2462cb01]" started-at="2023-09-29T15:51:08 IST" name="afterclass" finished-at="2023-09-29T15:51:19 IST" duration-ms="11244" status="PASS">
          <reporter-output>
          </reporter-output>
        </test-method> <!-- afterclass -->
      </class> <!-- org.Energy.E_6 -->
      <class name="org.Energy.E_3">
        <test-method is-config="true" signature="onetimelogin()[pri:0, instance:org.Energy.E_3@1b410b60]" started-at="2023-09-29T15:44:28 IST" name="onetimelogin" finished-at="2023-09-29T15:44:34 IST" duration-ms="5997" status="PASS">
          <reporter-output>
          </reporter-output>
        </test-method> <!-- onetimelogin -->
        <test-method signature="analytic()[pri:0, instance:org.Energy.E_3@1b410b60]" started-at="2023-09-29T15:44:34 IST" name="analytic" finished-at="2023-09-29T15:47:03 IST" duration-ms="149331" status="PASS">
          <reporter-output>
          </reporter-output>
        </test-method> <!-- analytic -->
        <test-method is-config="true" signature="afterMerhod(org.testng.ITestResult)[pri:0, instance:org.Energy.E_3@1b410b60]" started-at="2023-09-29T15:47:03 IST" name="afterMerhod" finished-at="2023-09-29T15:47:04 IST" duration-ms="339" status="PASS">
          <params>
            <param index="0">
              <value>
                <![CDATA[[TestResult name=analytic status=SUCCESS method=E_3.analytic()[pri:0, instance:org.Energy.E_3@1b410b60] output={null}]]]>
              </value>
            </param>
          </params>
          <reporter-output>
          </reporter-output>
        </test-method> <!-- afterMerhod -->
        <test-method is-config="true" signature="afterclass()[pri:0, instance:org.Energy.E_3@1b410b60]" started-at="2023-09-29T15:47:04 IST" name="afterclass" finished-at="2023-09-29T15:47:14 IST" duration-ms="10799" status="PASS">
          <reporter-output>
          </reporter-output>
        </test-method> <!-- afterclass -->
      </class> <!-- org.Energy.E_3 -->
      <class name="org.Energy.E_2">
        <test-method is-config="true" signature="onetimelogin()[pri:0, instance:org.Energy.E_2@7b50df34]" started-at="2023-09-29T15:42:38 IST" name="onetimelogin" finished-at="2023-09-29T15:42:45 IST" duration-ms="6095" status="PASS">
          <reporter-output>
          </reporter-output>
        </test-method> <!-- onetimelogin -->
        <test-method signature="monitoring()[pri:0, instance:org.Energy.E_2@7b50df34]" started-at="2023-09-29T15:42:45 IST" name="monitoring" finished-at="2023-09-29T15:44:17 IST" duration-ms="92238" status="PASS">
          <reporter-output>
          </reporter-output>
        </test-method> <!-- monitoring -->
        <test-method is-config="true" signature="afterMerhod(org.testng.ITestResult)[pri:0, instance:org.Energy.E_2@7b50df34]" started-at="2023-09-29T15:44:17 IST" name="afterMerhod" finished-at="2023-09-29T15:44:17 IST" duration-ms="284" status="PASS">
          <params>
            <param index="0">
              <value>
                <![CDATA[[TestResult name=monitoring status=SUCCESS method=E_2.monitoring()[pri:0, instance:org.Energy.E_2@7b50df34] output={null}]]]>
              </value>
            </param>
          </params>
          <reporter-output>
          </reporter-output>
        </test-method> <!-- afterMerhod -->
        <test-method is-config="true" signature="afterclass()[pri:0, instance:org.Energy.E_2@7b50df34]" started-at="2023-09-29T15:44:17 IST" name="afterclass" finished-at="2023-09-29T15:44:28 IST" duration-ms="10848" status="PASS">
          <reporter-output>
          </reporter-output>
        </test-method> <!-- afterclass -->
      </class> <!-- org.Energy.E_2 -->
      <class name="org.Energy.E_1">
        <test-method is-config="true" signature="BrowserSetup()[pri:0, instance:org.Energy.E_1@51bf5add]" started-at="2023-09-29T15:41:39 IST" name="BrowserSetup" finished-at="2023-09-29T15:41:44 IST" duration-ms="4553" status="PASS">
          <reporter-output>
          </reporter-output>
        </test-method> <!-- BrowserSetup -->
        <test-method is-config="true" signature="onetimelogin()[pri:0, instance:org.Energy.E_1@51bf5add]" started-at="2023-09-29T15:41:44 IST" name="onetimelogin" finished-at="2023-09-29T15:41:53 IST" duration-ms="9170" status="PASS">
          <reporter-output>
          </reporter-output>
        </test-method> <!-- onetimelogin -->
        <test-method signature="home()[pri:0, instance:org.Energy.E_1@51bf5add]" started-at="2023-09-29T15:41:53 IST" name="home" finished-at="2023-09-29T15:42:27 IST" duration-ms="33832" status="PASS">
          <reporter-output>
          </reporter-output>
        </test-method> <!-- home -->
        <test-method is-config="true" signature="afterMerhod(org.testng.ITestResult)[pri:0, instance:org.Energy.E_1@51bf5add]" started-at="2023-09-29T15:42:27 IST" name="afterMerhod" finished-at="2023-09-29T15:42:27 IST" duration-ms="280" status="PASS">
          <params>
            <param index="0">
              <value>
                <![CDATA[[TestResult name=home status=SUCCESS method=E_1.home()[pri:0, instance:org.Energy.E_1@51bf5add] output={null}]]]>
              </value>
            </param>
          </params>
          <reporter-output>
          </reporter-output>
        </test-method> <!-- afterMerhod -->
        <test-method is-config="true" signature="afterclass()[pri:0, instance:org.Energy.E_1@51bf5add]" started-at="2023-09-29T15:42:27 IST" name="afterclass" finished-at="2023-09-29T15:42:38 IST" duration-ms="11115" status="PASS">
          <reporter-output>
          </reporter-output>
        </test-method> <!-- afterclass -->
        <test-method is-config="true" signature="teardown()[pri:0, instance:org.Energy.E_1@51bf5add]" started-at="2023-09-29T15:52:14 IST" name="teardown" finished-at="2023-09-29T15:52:16 IST" duration-ms="1366" status="PASS">
          <reporter-output>
          </reporter-output>
        </test-method> <!-- teardown -->
      </class> <!-- org.Energy.E_1 -->
    </test> <!-- Test -->
  </suite> <!-- Suite -->
</testng-results>
