<?xml version="1.0" encoding="UTF-8"?>
<!-- Generated by org.testng.reporters.JUnitXMLReporter -->
<testsuite ignored="8" hostname="GURU-PC" failures="0" tests="5" name="Test" time="630.149" errors="0" timestamp="2023-09-29T15:52:14 IST">
  <testcase classname="org.Energy.E_1" name="home" time="33.832"/>
  <testcase classname="org.Energy.E_2" name="monitoring" time="92.238"/>
  <testcase classname="org.Energy.E_3" name="analytic" time="149.331"/>
  <testcase classname="org.Energy.E_6" name="analytic" time="226.899"/>
  <testcase classname="org.Energy.E_7" name="customreport" time="38.022"/>
  <testcase classname="com.BaseTest.BaseTest" name="@AfterSuite teardown" time="0.0">
    <ignored/>
  </testcase> <!-- @AfterSuite teardown -->
  <testcase classname="com.BaseTest.BaseTest" name="@AfterSuite teardown" time="0.0">
    <ignored/>
  </testcase> <!-- @AfterSuite teardown -->
  <testcase classname="com.BaseTest.BaseTest" name="@BeforeSuite BrowserSetup" time="0.0">
    <ignored/>
  </testcase> <!-- @BeforeSuite BrowserSetup -->
  <testcase classname="com.BaseTest.BaseTest" name="@BeforeSuite BrowserSetup" time="0.0">
    <ignored/>
  </testcase> <!-- @BeforeSuite BrowserSetup -->
  <testcase classname="com.BaseTest.BaseTest" name="@AfterSuite teardown" time="0.0">
    <ignored/>
  </testcase> <!-- @AfterSuite teardown -->
  <testcase classname="com.BaseTest.BaseTest" name="@BeforeSuite BrowserSetup" time="0.0">
    <ignored/>
  </testcase> <!-- @BeforeSuite BrowserSetup -->
  <testcase classname="com.BaseTest.BaseTest" name="@BeforeSuite BrowserSetup" time="0.0">
    <ignored/>
  </testcase> <!-- @BeforeSuite BrowserSetup -->
  <testcase classname="com.BaseTest.BaseTest" name="@AfterSuite teardown" time="0.0">
    <ignored/>
  </testcase> <!-- @AfterSuite teardown -->
</testsuite> <!-- Test -->
